2025-01-27 17:00:00 | INFO | repo=figmaweb | action=commit
2025-07-26 14:50:00 | DEBUG | repo=figmaweb | action=commit
2025-05-19 08:25:00 | DEBUG | repo=figmaweb | action=pull
2025-02-08 07:39:00 | WARN | repo=figmaweb | action=commit
2025-12-21 21:22:00 | DEBUG | repo=figmaweb | action=commit
2025-03-18 07:14:00 | DEBUG | repo=figmaweb | action=pull
2025-04-03 11:18:00 | INFO | repo=figmaweb | action=commit
2025-06-03 09:48:00 | WARN | repo=figmaweb | action=test | passed=true
2025-04-16 15:21:00 | INFO | repo=figmaweb | action=pull
2025-02-13 17:08:00 | DEBUG | repo=figmaweb | action=commit
2025-05-08 21:34:00 | WARN | repo=figmaweb | action=commit
2025-02-21 08:39:00 | INFO | repo=figmaweb | action=commit
2025-07-27 08:25:00 | INFO | repo=figmaweb | action=commit
2025-12-06 20:42:00 | DEBUG | repo=figmaweb | action=commit
2025-06-28 08:29:00 | INFO | repo=figmaweb | action=commit
2025-06-25 19:01:00 | DEBUG | repo=figmaweb | action=edit | files=3
2025-07-07 07:53:00 | DEBUG | repo=figmaweb | action=commit
2025-07-16 21:00:00 | DEBUG | repo=figmaweb | action=pull
2025-12-05 08:56:00 | WARN | repo=figmaweb | action=pull
2025-12-27 10:22:00 | WARN | repo=figmaweb | action=test | passed=true
2025-11-06 17:01:00 | DEBUG | repo=figmaweb | action=pull
2025-06-18 19:08:00 | INFO | repo=figmaweb | action=pull
2025-01-18 15:11:00 | INFO | repo=figmaweb | action=commit
2025-08-14 21:53:00 | INFO | repo=figmaweb | action=commit
2025-11-07 07:46:00 | INFO | repo=figmaweb | action=commit
2025-02-12 17:21:00 | DEBUG | repo=figmaweb | action=commit
2025-02-03 12:08:00 | DEBUG | repo=figmaweb | action=commit
2025-10-27 07:06:00 | WARN | repo=figmaweb | action=edit | files=3
2025-05-14 14:22:00 | DEBUG | repo=figmaweb | action=commit
2025-09-04 20:38:00 | WARN | repo=figmaweb | action=commit
2025-04-08 20:47:00 | DEBUG | repo=figmaweb | action=pull
2025-10-13 19:28:00 | DEBUG | repo=figmaweb | action=commit
2025-02-02 17:07:00 | WARN | repo=figmaweb | action=test | passed=true
2025-12-15 21:46:00 | DEBUG | repo=figmaweb | action=commit
2025-09-19 20:06:00 | WARN | repo=figmaweb | action=commit
